[2024-11-03 21:13:05,431: INFO: commons: yaml file: config\config.yaml loaded successfully ]
[2024-11-03 21:13:05,436: INFO: commons: yaml file: params.yaml loaded successfully ]
[2024-11-03 21:14:19,026: INFO: commons: yaml file: config\config.yaml loaded successfully ]
[2024-11-03 21:14:19,029: INFO: commons: yaml file: params.yaml loaded successfully ]
[2024-11-03 21:16:16,602: INFO: commons: yaml file: config\config.yaml loaded successfully ]
[2024-11-03 21:16:16,604: INFO: commons: yaml file: params.yaml loaded successfully ]
[2024-11-03 21:17:24,419: INFO: commons: yaml file: config\config.yaml loaded successfully ]
[2024-11-03 21:17:24,423: INFO: commons: yaml file: params.yaml loaded successfully ]
[2024-11-03 21:19:04,812: INFO: commons: yaml file: config\config.yaml loaded successfully ]
[2024-11-03 21:19:04,817: INFO: commons: yaml file: params.yaml loaded successfully ]
[2024-11-03 21:19:04,833: INFO: commons: yaml file: schema.yaml loaded successfully ]
[2024-11-03 21:19:04,837: INFO: commons: created directory at: artifacts ]
[2024-11-03 21:19:04,842: INFO: commons: created directory at: artifacts/data_ingestion ]
[2024-11-03 21:19:26,704: INFO: commons: yaml file: config\config.yaml loaded successfully ]
[2024-11-03 21:19:26,708: INFO: commons: yaml file: params.yaml loaded successfully ]
[2024-11-03 21:19:26,711: INFO: commons: yaml file: schema.yaml loaded successfully ]
[2024-11-03 21:19:26,714: INFO: commons: created directory at: artifacts ]
[2024-11-03 21:19:26,716: INFO: commons: created directory at: artifacts/data_ingestion ]
[2024-11-03 21:19:27,915: INFO: 981039823: artifacts/data_ingestion/data.zip download! With the following infl 
 Connection: close
Content-Length: 23329
Cache-Control: max-age=300
Content-Security-Policy: default-src 'none'; style-src 'unsafe-inline'; sandbox
Content-Type: application/zip
ETag: "c69888a4ae59bc5a893392785a938ccd4937981c06ba8a9d6a21aa52b4ab5b6e"
Strict-Transport-Security: max-age=31536000
X-Content-Type-Options: nosniff
X-Frame-Options: deny
X-XSS-Protection: 1; mode=block
X-GitHub-Request-Id: EE1A:346BBE:2B84E2:333D38:6728130E
Accept-Ranges: bytes
Date: Mon, 04 Nov 2024 00:19:27 GMT
Via: 1.1 varnish
X-Served-By: cache-gru-sbgr1930038-GRU
X-Cache: MISS
X-Cache-Hits: 0
X-Timer: S1730679567.444589,VS0,VE237
Vary: Authorization,Accept-Encoding,Origin
Access-Control-Allow-Origin: *
Cross-Origin-Resource-Policy: cross-origin
X-Fastly-Request-ID: a32e6e1ad3757e9b18ddbc4105261b36a792db62
Expires: Mon, 04 Nov 2024 00:24:27 GMT
Source-Age: 0

 ]
[2024-11-03 21:19:45,703: INFO: commons: yaml file: config\config.yaml loaded successfully ]
[2024-11-03 21:19:45,706: INFO: commons: yaml file: params.yaml loaded successfully ]
[2024-11-03 21:19:45,708: INFO: commons: yaml file: schema.yaml loaded successfully ]
[2024-11-03 21:19:45,710: INFO: commons: created directory at: artifacts ]
[2024-11-03 21:19:45,712: INFO: commons: created directory at: artifacts/data_ingestion ]
[2024-11-03 21:19:45,713: INFO: 981039823: File already exists ]
[2024-11-03 21:48:14,113: INFO: commons: yaml file: config\config.yaml loaded successfully ]
[2024-11-03 21:48:14,139: INFO: commons: yaml file: params.yaml loaded successfully ]
[2024-11-03 21:48:14,144: INFO: commons: yaml file: schema.yaml loaded successfully ]
[2024-11-03 21:48:14,147: INFO: commons: created directory at: artifacts ]
[2024-11-03 21:48:14,150: INFO: commons: created directory at: artifacts/data_ingestion ]
[2024-11-03 21:48:14,153: INFO: 981039823: File already exists ]
[2024-11-03 22:32:22,679: INFO: main: Welcome to our Custom Logging Functionality ]
[2024-11-03 22:32:22,679: INFO: data_ingestion_pipeline: >>>>>>>>>> Stage: Data Ingestion Stage started <<<<<<<<<< ]
[2024-11-03 22:32:22,684: INFO: commons: yaml file: config\config.yaml loaded successfully ]
[2024-11-03 22:32:22,688: INFO: commons: yaml file: params.yaml loaded successfully ]
[2024-11-03 22:32:22,690: INFO: commons: yaml file: schema.yaml loaded successfully ]
[2024-11-03 22:32:22,691: INFO: commons: created directory at: artifacts ]
[2024-11-03 22:32:22,693: INFO: commons: created directory at: artifacts/data_ingestion ]
[2024-11-03 22:32:23,634: INFO: data_ingestion: artifacts/data_ingestion/data.zip download! With the following infl 
 Connection: close
Content-Length: 23329
Cache-Control: max-age=300
Content-Security-Policy: default-src 'none'; style-src 'unsafe-inline'; sandbox
Content-Type: application/zip
ETag: "c69888a4ae59bc5a893392785a938ccd4937981c06ba8a9d6a21aa52b4ab5b6e"
Strict-Transport-Security: max-age=31536000
X-Content-Type-Options: nosniff
X-Frame-Options: deny
X-XSS-Protection: 1; mode=block
X-GitHub-Request-Id: EE1A:346BBE:2B84E2:333D38:6728130E
Accept-Ranges: bytes
Date: Mon, 04 Nov 2024 01:32:23 GMT
Via: 1.1 varnish
X-Served-By: cache-gru-sbgr1930071-GRU
X-Cache: HIT
X-Cache-Hits: 0
X-Timer: S1730683943.059835,VS0,VE213
Vary: Authorization,Accept-Encoding,Origin
Access-Control-Allow-Origin: *
Cross-Origin-Resource-Policy: cross-origin
X-Fastly-Request-ID: 7fe68a92fd27b0851236107edbe2df305bbeed22
Expires: Mon, 04 Nov 2024 01:37:23 GMT
Source-Age: 0

 ]
[2024-11-03 22:32:23,667: INFO: data_ingestion_pipeline: >>>>>>>>>> Stage: Data Ingestion Stage completed <<<<<<<<<< ]
[2024-11-04 10:39:04,038: INFO: commons: yaml file: config\config.yaml loaded successfully ]
[2024-11-04 10:39:04,050: INFO: commons: yaml file: params.yaml loaded successfully ]
[2024-11-04 10:39:04,055: INFO: commons: yaml file: schema.yaml loaded successfully ]
[2024-11-04 10:39:04,057: INFO: commons: created directory at: artifacts ]
[2024-11-04 10:39:04,058: ERROR: 3980546450: Error during data_ingestion. Error "'ConfigBox' object has no attribute 'columns'" ]
[2024-11-04 10:41:07,789: INFO: commons: yaml file: config\config.yaml loaded successfully ]
[2024-11-04 10:41:07,793: INFO: commons: yaml file: params.yaml loaded successfully ]
[2024-11-04 10:41:07,800: INFO: commons: yaml file: schema.yaml loaded successfully ]
[2024-11-04 10:41:07,802: INFO: commons: created directory at: artifacts ]
[2024-11-04 10:41:07,805: INFO: commons: created directory at: artifacts/data_validation ]
[2024-11-04 10:41:07,825: ERROR: 3980546450: Error during data_ingestion. Error 'Index' object has no attribute 'dtypes' ]
[2024-11-04 10:42:18,363: INFO: commons: yaml file: config\config.yaml loaded successfully ]
[2024-11-04 10:42:18,367: INFO: commons: yaml file: params.yaml loaded successfully ]
[2024-11-04 10:42:18,373: INFO: commons: yaml file: schema.yaml loaded successfully ]
[2024-11-04 10:42:18,377: INFO: commons: created directory at: artifacts ]
[2024-11-04 10:42:18,379: INFO: commons: created directory at: artifacts/data_validation ]
[2024-11-04 10:42:18,393: ERROR: 4008658730: Error during data_ingestion. Error 'Index' object has no attribute 'dtypes' ]
[2024-11-04 10:44:39,879: INFO: commons: yaml file: config\config.yaml loaded successfully ]
[2024-11-04 10:44:39,883: INFO: commons: yaml file: params.yaml loaded successfully ]
[2024-11-04 10:44:39,889: INFO: commons: yaml file: schema.yaml loaded successfully ]
[2024-11-04 10:44:39,892: INFO: commons: created directory at: artifacts ]
[2024-11-04 10:44:39,894: INFO: commons: created directory at: artifacts/data_validation ]
[2024-11-04 10:47:05,947: INFO: commons: yaml file: config\config.yaml loaded successfully ]
[2024-11-04 10:47:05,950: INFO: commons: yaml file: params.yaml loaded successfully ]
[2024-11-04 10:47:05,955: INFO: commons: yaml file: schema.yaml loaded successfully ]
[2024-11-04 10:47:05,958: INFO: commons: created directory at: artifacts ]
[2024-11-04 10:47:05,961: INFO: commons: created directory at: artifacts/data_validation ]
[2024-11-04 10:47:53,594: INFO: commons: yaml file: config\config.yaml loaded successfully ]
[2024-11-04 10:47:53,598: INFO: commons: yaml file: params.yaml loaded successfully ]
[2024-11-04 10:47:53,605: INFO: commons: yaml file: schema.yaml loaded successfully ]
[2024-11-04 10:47:53,608: INFO: commons: created directory at: artifacts ]
[2024-11-04 10:47:53,612: INFO: commons: created directory at: artifacts/data_validation ]
[2024-11-04 10:48:49,698: INFO: commons: yaml file: config\config.yaml loaded successfully ]
[2024-11-04 10:48:49,702: INFO: commons: yaml file: params.yaml loaded successfully ]
[2024-11-04 10:48:49,708: INFO: commons: yaml file: schema.yaml loaded successfully ]
[2024-11-04 10:48:49,711: INFO: commons: created directory at: artifacts ]
[2024-11-04 10:48:49,713: INFO: commons: created directory at: artifacts/data_validation ]
[2024-11-04 11:02:21,093: INFO: commons: yaml file: config\config.yaml loaded successfully ]
[2024-11-04 11:02:21,099: INFO: commons: yaml file: params.yaml loaded successfully ]
[2024-11-04 11:02:21,103: INFO: commons: yaml file: schema.yaml loaded successfully ]
[2024-11-04 11:02:21,106: INFO: commons: created directory at: artifacts ]
[2024-11-04 11:02:21,109: INFO: commons: created directory at: artifacts/data_validation ]
[2024-11-04 11:05:12,245: INFO: commons: yaml file: config\config.yaml loaded successfully ]
[2024-11-04 11:05:12,253: INFO: commons: yaml file: params.yaml loaded successfully ]
[2024-11-04 11:05:12,257: INFO: commons: yaml file: schema.yaml loaded successfully ]
[2024-11-04 11:05:12,259: INFO: commons: created directory at: artifacts ]
[2024-11-04 11:05:12,261: INFO: commons: created directory at: artifacts/data_validation ]
[2024-11-04 11:18:51,804: INFO: data_ingestion_pipeline: >>>>>>>>>> Stage: Data Ingestion Stage started <<<<<<<<<< ]
[2024-11-04 11:18:51,810: INFO: commons: yaml file: config\config.yaml loaded successfully ]
[2024-11-04 11:18:51,812: INFO: commons: yaml file: params.yaml loaded successfully ]
[2024-11-04 11:18:51,815: INFO: commons: yaml file: schema.yaml loaded successfully ]
[2024-11-04 11:18:51,817: INFO: commons: created directory at: artifacts ]
[2024-11-04 11:18:51,818: INFO: commons: created directory at: artifacts/data_ingestion ]
[2024-11-04 11:18:54,493: INFO: data_ingestion: artifacts/data_ingestion/data.zip download! With the following infl 
 Connection: close
Content-Length: 23329
Cache-Control: max-age=300
Content-Security-Policy: default-src 'none'; style-src 'unsafe-inline'; sandbox
Content-Type: application/zip
ETag: "c69888a4ae59bc5a893392785a938ccd4937981c06ba8a9d6a21aa52b4ab5b6e"
Strict-Transport-Security: max-age=31536000
X-Content-Type-Options: nosniff
X-Frame-Options: deny
X-XSS-Protection: 1; mode=block
X-GitHub-Request-Id: 25B6:28CF72:5533D8:646CCB:6728D7CD
Accept-Ranges: bytes
Date: Mon, 04 Nov 2024 14:18:54 GMT
Via: 1.1 varnish
X-Served-By: cache-gru-sbgr1930025-GRU
X-Cache: MISS
X-Cache-Hits: 0
X-Timer: S1730729934.040279,VS0,VE210
Vary: Authorization,Accept-Encoding,Origin
Access-Control-Allow-Origin: *
Cross-Origin-Resource-Policy: cross-origin
X-Fastly-Request-ID: 23019fb6cbde4146a5e9cb0e642826c5c835eae8
Expires: Mon, 04 Nov 2024 14:23:54 GMT
Source-Age: 0

 ]
[2024-11-04 11:18:54,519: INFO: data_ingestion_pipeline: >>>>>>>>>> Stage: Data Ingestion Stage completed <<<<<<<<<< ]
[2024-11-04 11:18:54,520: INFO: data_validation_pipeline: >>>>>>>>>> Stage: Data Validation Stage started <<<<<<<<<< ]
[2024-11-04 11:18:54,524: INFO: commons: yaml file: config\config.yaml loaded successfully ]
[2024-11-04 11:18:54,525: INFO: commons: yaml file: params.yaml loaded successfully ]
[2024-11-04 11:18:54,528: INFO: commons: yaml file: schema.yaml loaded successfully ]
[2024-11-04 11:18:54,529: INFO: commons: created directory at: artifacts ]
[2024-11-04 11:18:54,530: INFO: commons: created directory at: artifacts/data_validation ]
[2024-11-04 11:18:54,530: ERROR: data_validation_pipeline: Error during data_validation. Error DataValidationConfig() takes no arguments ]
[2024-11-04 11:27:37,043: INFO: data_ingestion_pipeline: >>>>>>>>>> Stage: Data Ingestion Stage started <<<<<<<<<< ]
[2024-11-04 11:27:37,048: INFO: commons: yaml file: config\config.yaml loaded successfully ]
[2024-11-04 11:27:37,050: INFO: commons: yaml file: params.yaml loaded successfully ]
[2024-11-04 11:27:37,053: INFO: commons: yaml file: schema.yaml loaded successfully ]
[2024-11-04 11:27:37,054: INFO: commons: created directory at: artifacts ]
[2024-11-04 11:27:37,055: INFO: commons: created directory at: artifacts/data_ingestion ]
[2024-11-04 11:27:37,056: INFO: data_ingestion: File already exists ]
[2024-11-04 11:27:37,063: INFO: data_ingestion_pipeline: >>>>>>>>>> Stage: Data Ingestion Stage completed <<<<<<<<<< ]
[2024-11-04 11:27:37,064: INFO: data_validation_pipeline: >>>>>>>>>> Stage: Data Validation Stage started <<<<<<<<<< ]
[2024-11-04 11:27:37,069: INFO: commons: yaml file: config\config.yaml loaded successfully ]
[2024-11-04 11:27:37,071: INFO: commons: yaml file: params.yaml loaded successfully ]
[2024-11-04 11:27:37,075: INFO: commons: yaml file: schema.yaml loaded successfully ]
[2024-11-04 11:27:37,076: INFO: commons: created directory at: artifacts ]
[2024-11-04 11:27:37,077: INFO: commons: created directory at: artifacts/data_validation ]
[2024-11-04 11:27:37,078: ERROR: data_validation_pipeline: Error during data_validation. Error DataValidationConfig() takes no arguments ]
[2024-11-04 11:29:47,453: INFO: data_ingestion_pipeline: >>>>>>>>>> Stage: Data Ingestion Stage started <<<<<<<<<< ]
[2024-11-04 11:29:47,469: INFO: commons: yaml file: config\config.yaml loaded successfully ]
[2024-11-04 11:29:47,469: INFO: commons: yaml file: params.yaml loaded successfully ]
[2024-11-04 11:29:47,469: INFO: commons: yaml file: schema.yaml loaded successfully ]
[2024-11-04 11:29:47,469: INFO: commons: created directory at: artifacts ]
[2024-11-04 11:29:47,469: INFO: commons: created directory at: artifacts/data_ingestion ]
[2024-11-04 11:29:47,469: INFO: data_ingestion: File already exists ]
[2024-11-04 11:29:47,469: INFO: data_ingestion_pipeline: >>>>>>>>>> Stage: Data Ingestion Stage completed <<<<<<<<<< ]
[2024-11-04 11:29:47,469: INFO: data_validation_pipeline: >>>>>>>>>> Stage: Data Validation Stage started <<<<<<<<<< ]
[2024-11-04 11:29:47,469: INFO: commons: yaml file: config\config.yaml loaded successfully ]
[2024-11-04 11:29:47,469: INFO: commons: yaml file: params.yaml loaded successfully ]
[2024-11-04 11:29:47,469: INFO: commons: yaml file: schema.yaml loaded successfully ]
[2024-11-04 11:29:47,469: INFO: commons: created directory at: artifacts ]
[2024-11-04 11:29:47,484: INFO: commons: created directory at: artifacts/data_validation ]
[2024-11-04 11:29:47,484: ERROR: data_validation_pipeline: Error during data_validation. Error DataValidationConfig() takes no arguments ]
[2024-11-04 11:31:48,815: INFO: data_ingestion_pipeline: >>>>>>>>>> Stage: Data Ingestion Stage started <<<<<<<<<< ]
[2024-11-04 11:31:48,821: INFO: commons: yaml file: config\config.yaml loaded successfully ]
[2024-11-04 11:31:48,822: INFO: commons: yaml file: params.yaml loaded successfully ]
[2024-11-04 11:31:48,825: INFO: commons: yaml file: schema.yaml loaded successfully ]
[2024-11-04 11:31:48,826: INFO: commons: created directory at: artifacts ]
[2024-11-04 11:31:48,828: INFO: commons: created directory at: artifacts/data_ingestion ]
[2024-11-04 11:31:49,484: INFO: data_ingestion: artifacts/data_ingestion/data.zip download! With the following infl 
 Connection: close
Content-Length: 23329
Cache-Control: max-age=300
Content-Security-Policy: default-src 'none'; style-src 'unsafe-inline'; sandbox
Content-Type: application/zip
ETag: "c69888a4ae59bc5a893392785a938ccd4937981c06ba8a9d6a21aa52b4ab5b6e"
Strict-Transport-Security: max-age=31536000
X-Content-Type-Options: nosniff
X-Frame-Options: deny
X-XSS-Protection: 1; mode=block
X-GitHub-Request-Id: 25B6:28CF72:5533D8:646CCB:6728D7CD
Accept-Ranges: bytes
Date: Mon, 04 Nov 2024 14:31:49 GMT
Via: 1.1 varnish
X-Served-By: cache-gru-sbgr1930030-GRU
X-Cache: HIT
X-Cache-Hits: 0
X-Timer: S1730730709.025342,VS0,VE189
Vary: Authorization,Accept-Encoding,Origin
Access-Control-Allow-Origin: *
Cross-Origin-Resource-Policy: cross-origin
X-Fastly-Request-ID: 18eb4aa990f9ccb4efe1a69cb515414eb0a7a5fc
Expires: Mon, 04 Nov 2024 14:36:49 GMT
Source-Age: 0

 ]
[2024-11-04 11:31:49,509: INFO: data_ingestion_pipeline: >>>>>>>>>> Stage: Data Ingestion Stage completed <<<<<<<<<< ]
[2024-11-04 11:31:49,509: INFO: data_validation_pipeline: >>>>>>>>>> Stage: Data Validation Stage started <<<<<<<<<< ]
[2024-11-04 11:31:49,514: INFO: commons: yaml file: config\config.yaml loaded successfully ]
[2024-11-04 11:31:49,515: INFO: commons: yaml file: params.yaml loaded successfully ]
[2024-11-04 11:31:49,518: INFO: commons: yaml file: schema.yaml loaded successfully ]
[2024-11-04 11:31:49,519: INFO: commons: created directory at: artifacts ]
[2024-11-04 11:31:49,520: INFO: commons: created directory at: artifacts/data_validation ]
[2024-11-04 11:31:49,547: INFO: data_validation_pipeline: >>>>>>>>>> Stage: Data Validation Stage completed <<<<<<<<<< ]
[2024-11-04 11:34:22,818: INFO: data_ingestion_pipeline: >>>>>>>>>> Stage: Data Ingestion Stage started <<<<<<<<<< ]
[2024-11-04 11:34:22,825: INFO: commons: yaml file: config\config.yaml loaded successfully ]
[2024-11-04 11:34:22,827: INFO: commons: yaml file: params.yaml loaded successfully ]
[2024-11-04 11:34:22,839: INFO: commons: yaml file: schema.yaml loaded successfully ]
[2024-11-04 11:34:22,840: INFO: commons: created directory at: artifacts ]
[2024-11-04 11:34:22,841: INFO: commons: created directory at: artifacts/data_ingestion ]
[2024-11-04 11:34:22,842: INFO: data_ingestion: File already exists ]
[2024-11-04 11:34:22,850: INFO: data_ingestion_pipeline: >>>>>>>>>> Stage: Data Ingestion Stage completed <<<<<<<<<< ]
[2024-11-04 11:34:22,850: INFO: data_validation_pipeline: >>>>>>>>>> Stage: Data Validation Stage started <<<<<<<<<< ]
[2024-11-04 11:34:22,856: INFO: commons: yaml file: config\config.yaml loaded successfully ]
[2024-11-04 11:34:22,857: INFO: commons: yaml file: params.yaml loaded successfully ]
[2024-11-04 11:34:22,859: INFO: commons: yaml file: schema.yaml loaded successfully ]
[2024-11-04 11:34:22,861: INFO: commons: created directory at: artifacts ]
[2024-11-04 11:34:22,862: INFO: commons: created directory at: artifacts/data_validation ]
[2024-11-04 11:34:22,897: INFO: data_validation_pipeline: >>>>>>>>>> Stage: Data Validation Stage completed <<<<<<<<<< ]
[2024-11-04 14:13:20,123: INFO: commons: yaml file: config\config.yaml loaded successfully ]
[2024-11-04 14:13:20,129: INFO: commons: yaml file: params.yaml loaded successfully ]
[2024-11-04 14:13:20,149: INFO: commons: yaml file: schema.yaml loaded successfully ]
[2024-11-04 14:13:20,153: INFO: commons: created directory at: artifacts ]
[2024-11-04 14:13:20,156: INFO: commons: created directory at: artifacts/data_transformation ]
[2024-11-04 14:13:20,226: INFO: 4182609033: Sucesfully splitted the data 
X_train dimensions:(1279, 11)
X_test dimensions:(320, 11)
y_train dimensions:(1279,)
y_test dimensions:(320,)    ]
[2024-11-04 14:13:20,264: INFO: 4182609033: Sucesfully Saved the splits to: artifacts/data_transformation ]
[2024-11-04 14:21:37,728: INFO: data_ingestion_pipeline: >>>>>>>>>> Stage: Data Ingestion Stage started <<<<<<<<<< ]
[2024-11-04 14:21:37,733: INFO: commons: yaml file: config\config.yaml loaded successfully ]
[2024-11-04 14:21:37,735: INFO: commons: yaml file: params.yaml loaded successfully ]
[2024-11-04 14:21:37,738: INFO: commons: yaml file: schema.yaml loaded successfully ]
[2024-11-04 14:21:37,739: INFO: commons: created directory at: artifacts ]
[2024-11-04 14:21:37,741: INFO: commons: created directory at: artifacts/data_ingestion ]
[2024-11-04 14:21:38,863: INFO: data_ingestion: artifacts/data_ingestion/data.zip download! With the following infl 
 Connection: close
Content-Length: 23329
Cache-Control: max-age=300
Content-Security-Policy: default-src 'none'; style-src 'unsafe-inline'; sandbox
Content-Type: application/zip
ETag: "c69888a4ae59bc5a893392785a938ccd4937981c06ba8a9d6a21aa52b4ab5b6e"
Strict-Transport-Security: max-age=31536000
X-Content-Type-Options: nosniff
X-Frame-Options: deny
X-XSS-Protection: 1; mode=block
X-GitHub-Request-Id: 25B6:28CF72:5533D8:646CCB:6728D7CD
Accept-Ranges: bytes
Date: Mon, 04 Nov 2024 17:21:38 GMT
Via: 1.1 varnish
X-Served-By: cache-gru-sbgr1930031-GRU
X-Cache: HIT
X-Cache-Hits: 0
X-Timer: S1730740898.081678,VS0,VE179
Vary: Authorization,Accept-Encoding,Origin
Access-Control-Allow-Origin: *
Cross-Origin-Resource-Policy: cross-origin
X-Fastly-Request-ID: a32919410e85a28c359838d57356d5fb92fc7db1
Expires: Mon, 04 Nov 2024 17:26:38 GMT
Source-Age: 0

 ]
[2024-11-04 14:21:38,910: INFO: data_ingestion_pipeline: >>>>>>>>>> Stage: Data Ingestion Stage completed <<<<<<<<<< ]
[2024-11-04 14:21:38,910: INFO: data_validation_pipeline: >>>>>>>>>> Stage: Data Validation Stage started <<<<<<<<<< ]
[2024-11-04 14:21:38,914: INFO: commons: yaml file: config\config.yaml loaded successfully ]
[2024-11-04 14:21:38,916: INFO: commons: yaml file: params.yaml loaded successfully ]
[2024-11-04 14:21:38,919: INFO: commons: yaml file: schema.yaml loaded successfully ]
[2024-11-04 14:21:38,920: INFO: commons: created directory at: artifacts ]
[2024-11-04 14:21:38,922: INFO: commons: created directory at: artifacts/data_validation ]
[2024-11-04 14:21:38,952: INFO: data_validation_pipeline: >>>>>>>>>> Stage: Data Validation Stage completed <<<<<<<<<< ]
[2024-11-04 14:21:38,957: INFO: commons: yaml file: config\config.yaml loaded successfully ]
[2024-11-04 14:21:38,960: INFO: commons: yaml file: params.yaml loaded successfully ]
[2024-11-04 14:21:38,963: INFO: commons: yaml file: schema.yaml loaded successfully ]
[2024-11-04 14:21:38,964: INFO: commons: created directory at: artifacts ]
[2024-11-04 14:21:38,966: INFO: commons: created directory at: artifacts/data_transformation ]
[2024-11-04 14:21:38,977: INFO: data_transformation: Sucesfully splitted the data 
X_train dimensions:(1279, 11)
X_test dimensions:(320, 11)
y_train dimensions:(1279,)
y_test dimensions:(320,)    ]
[2024-11-04 14:21:39,012: INFO: data_transformation: Sucesfully Saved the splits to: artifacts/data_transformation ]
[2024-11-04 14:52:14,796: INFO: data_ingestion_pipeline: >>>>>>>>>> Stage: Data Ingestion Stage started <<<<<<<<<< ]
[2024-11-04 14:52:14,801: INFO: commons: yaml file: config\config.yaml loaded successfully ]
[2024-11-04 14:52:14,805: INFO: commons: yaml file: params.yaml loaded successfully ]
[2024-11-04 14:52:14,808: INFO: commons: yaml file: schema.yaml loaded successfully ]
[2024-11-04 14:52:14,810: INFO: commons: created directory at: artifacts ]
[2024-11-04 14:52:14,811: INFO: commons: created directory at: artifacts/data_ingestion ]
[2024-11-04 14:52:15,957: INFO: data_ingestion: artifacts/data_ingestion/data.zip download! With the following infl 
 Connection: close
Content-Length: 23329
Cache-Control: max-age=300
Content-Security-Policy: default-src 'none'; style-src 'unsafe-inline'; sandbox
Content-Type: application/zip
ETag: "c69888a4ae59bc5a893392785a938ccd4937981c06ba8a9d6a21aa52b4ab5b6e"
Strict-Transport-Security: max-age=31536000
X-Content-Type-Options: nosniff
X-Frame-Options: deny
X-XSS-Protection: 1; mode=block
X-GitHub-Request-Id: 25B6:28CF72:5533D8:646CCB:6728D7CD
Accept-Ranges: bytes
Date: Mon, 04 Nov 2024 17:52:15 GMT
Via: 1.1 varnish
X-Served-By: cache-gru-sbgr1930033-GRU
X-Cache: HIT
X-Cache-Hits: 0
X-Timer: S1730742735.152631,VS0,VE167
Vary: Authorization,Accept-Encoding,Origin
Access-Control-Allow-Origin: *
Cross-Origin-Resource-Policy: cross-origin
X-Fastly-Request-ID: 1d1e0233b8ff649cf4eedd30633a20173492d248
Expires: Mon, 04 Nov 2024 17:57:15 GMT
Source-Age: 0

 ]
[2024-11-04 14:52:16,003: INFO: data_ingestion_pipeline: >>>>>>>>>> Stage: Data Ingestion Stage completed <<<<<<<<<< ]
[2024-11-04 14:52:16,004: INFO: data_validation_pipeline: >>>>>>>>>> Stage: Data Validation Stage started <<<<<<<<<< ]
[2024-11-04 14:52:16,007: INFO: commons: yaml file: config\config.yaml loaded successfully ]
[2024-11-04 14:52:16,009: INFO: commons: yaml file: params.yaml loaded successfully ]
[2024-11-04 14:52:16,013: INFO: commons: yaml file: schema.yaml loaded successfully ]
[2024-11-04 14:52:16,015: INFO: commons: created directory at: artifacts ]
[2024-11-04 14:52:16,017: INFO: commons: created directory at: artifacts/data_validation ]
[2024-11-04 14:52:16,061: INFO: data_validation_pipeline: >>>>>>>>>> Stage: Data Validation Stage completed <<<<<<<<<< ]
[2024-11-04 14:52:16,063: INFO: data_transformation_pipeline: >>>>>>>>>> Stage: Data Transformation Stage started <<<<<<<<<< ]
[2024-11-04 14:52:16,067: INFO: commons: yaml file: config\config.yaml loaded successfully ]
[2024-11-04 14:52:16,069: INFO: commons: yaml file: params.yaml loaded successfully ]
[2024-11-04 14:52:16,071: INFO: commons: yaml file: schema.yaml loaded successfully ]
[2024-11-04 14:52:16,072: INFO: commons: created directory at: artifacts ]
[2024-11-04 14:52:16,073: INFO: commons: created directory at: artifacts/data_transformation ]
[2024-11-04 14:52:16,074: ERROR: data_transformation_pipeline: Error during data_ingestion. Error 'DataTransformation' object has no attribute 'splitS_data' ]
[2024-11-04 14:52:43,625: INFO: data_ingestion_pipeline: >>>>>>>>>> Stage: Data Ingestion Stage started <<<<<<<<<< ]
[2024-11-04 14:52:43,630: INFO: commons: yaml file: config\config.yaml loaded successfully ]
[2024-11-04 14:52:43,631: INFO: commons: yaml file: params.yaml loaded successfully ]
[2024-11-04 14:52:43,634: INFO: commons: yaml file: schema.yaml loaded successfully ]
[2024-11-04 14:52:43,636: INFO: commons: created directory at: artifacts ]
[2024-11-04 14:52:43,637: INFO: commons: created directory at: artifacts/data_ingestion ]
[2024-11-04 14:52:43,638: INFO: data_ingestion: File already exists ]
[2024-11-04 14:52:43,644: INFO: data_ingestion_pipeline: >>>>>>>>>> Stage: Data Ingestion Stage completed <<<<<<<<<< ]
[2024-11-04 14:52:43,644: INFO: data_validation_pipeline: >>>>>>>>>> Stage: Data Validation Stage started <<<<<<<<<< ]
[2024-11-04 14:52:43,650: INFO: commons: yaml file: config\config.yaml loaded successfully ]
[2024-11-04 14:52:43,651: INFO: commons: yaml file: params.yaml loaded successfully ]
[2024-11-04 14:52:43,655: INFO: commons: yaml file: schema.yaml loaded successfully ]
[2024-11-04 14:52:43,656: INFO: commons: created directory at: artifacts ]
[2024-11-04 14:52:43,657: INFO: commons: created directory at: artifacts/data_validation ]
[2024-11-04 14:52:43,686: INFO: data_validation_pipeline: >>>>>>>>>> Stage: Data Validation Stage completed <<<<<<<<<< ]
[2024-11-04 14:52:43,687: INFO: data_transformation_pipeline: >>>>>>>>>> Stage: Data Transformation Stage started <<<<<<<<<< ]
[2024-11-04 14:52:43,691: INFO: commons: yaml file: config\config.yaml loaded successfully ]
[2024-11-04 14:52:43,693: INFO: commons: yaml file: params.yaml loaded successfully ]
[2024-11-04 14:52:43,696: INFO: commons: yaml file: schema.yaml loaded successfully ]
[2024-11-04 14:52:43,697: INFO: commons: created directory at: artifacts ]
[2024-11-04 14:52:43,698: INFO: commons: created directory at: artifacts/data_transformation ]
[2024-11-04 14:52:43,719: INFO: data_transformation: Sucesfully splitted the data 
X_train dimensions:(1279, 11)
X_test dimensions:(320, 11)
y_train dimensions:(1279,)
y_test dimensions:(320,)    ]
[2024-11-04 14:52:43,756: INFO: data_transformation: Sucesfully Saved the splits to: artifacts/data_transformation ]
[2024-11-04 14:52:43,757: INFO: data_transformation_pipeline: >>>>>>>>>> Stage: Data Transformation Stage completed <<<<<<<<<< ]
[2024-11-04 14:53:16,970: INFO: data_ingestion_pipeline: >>>>>>>>>> Stage: Data Ingestion Stage started <<<<<<<<<< ]
[2024-11-04 14:53:16,973: INFO: commons: yaml file: config\config.yaml loaded successfully ]
[2024-11-04 14:53:16,976: INFO: commons: yaml file: params.yaml loaded successfully ]
[2024-11-04 14:53:16,982: INFO: commons: yaml file: schema.yaml loaded successfully ]
[2024-11-04 14:53:16,984: INFO: commons: created directory at: artifacts ]
[2024-11-04 14:53:16,985: INFO: commons: created directory at: artifacts/data_ingestion ]
[2024-11-04 14:53:16,986: INFO: data_ingestion: File already exists ]
[2024-11-04 14:53:16,993: INFO: data_ingestion_pipeline: >>>>>>>>>> Stage: Data Ingestion Stage completed <<<<<<<<<< ]
[2024-11-04 14:53:16,994: INFO: data_validation_pipeline: >>>>>>>>>> Stage: Data Validation Stage started <<<<<<<<<< ]
[2024-11-04 14:53:16,997: INFO: commons: yaml file: config\config.yaml loaded successfully ]
[2024-11-04 14:53:16,998: INFO: commons: yaml file: params.yaml loaded successfully ]
[2024-11-04 14:53:17,001: INFO: commons: yaml file: schema.yaml loaded successfully ]
[2024-11-04 14:53:17,002: INFO: commons: created directory at: artifacts ]
[2024-11-04 14:53:17,003: INFO: commons: created directory at: artifacts/data_validation ]
[2024-11-04 14:53:17,032: INFO: data_validation_pipeline: >>>>>>>>>> Stage: Data Validation Stage completed <<<<<<<<<< ]
[2024-11-04 14:53:17,032: ERROR: main: Column types or names do not match the schema. Please check the Data Validation folder. ]
[2024-11-04 14:53:26,725: INFO: data_ingestion_pipeline: >>>>>>>>>> Stage: Data Ingestion Stage started <<<<<<<<<< ]
[2024-11-04 14:53:26,731: INFO: commons: yaml file: config\config.yaml loaded successfully ]
[2024-11-04 14:53:26,732: INFO: commons: yaml file: params.yaml loaded successfully ]
[2024-11-04 14:53:26,737: INFO: commons: yaml file: schema.yaml loaded successfully ]
[2024-11-04 14:53:26,739: INFO: commons: created directory at: artifacts ]
[2024-11-04 14:53:26,740: INFO: commons: created directory at: artifacts/data_ingestion ]
[2024-11-04 14:53:26,741: INFO: data_ingestion: File already exists ]
[2024-11-04 14:53:26,747: INFO: data_ingestion_pipeline: >>>>>>>>>> Stage: Data Ingestion Stage completed <<<<<<<<<< ]
[2024-11-04 14:53:26,748: INFO: data_validation_pipeline: >>>>>>>>>> Stage: Data Validation Stage started <<<<<<<<<< ]
[2024-11-04 14:53:26,753: INFO: commons: yaml file: config\config.yaml loaded successfully ]
[2024-11-04 14:53:26,755: INFO: commons: yaml file: params.yaml loaded successfully ]
[2024-11-04 14:53:26,758: INFO: commons: yaml file: schema.yaml loaded successfully ]
[2024-11-04 14:53:26,760: INFO: commons: created directory at: artifacts ]
[2024-11-04 14:53:26,760: INFO: commons: created directory at: artifacts/data_validation ]
[2024-11-04 14:53:26,788: INFO: data_validation_pipeline: >>>>>>>>>> Stage: Data Validation Stage completed <<<<<<<<<< ]
[2024-11-04 14:53:26,788: INFO: data_transformation_pipeline: >>>>>>>>>> Stage: Data Transformation Stage started <<<<<<<<<< ]
[2024-11-04 14:53:26,792: INFO: commons: yaml file: config\config.yaml loaded successfully ]
[2024-11-04 14:53:26,794: INFO: commons: yaml file: params.yaml loaded successfully ]
[2024-11-04 14:53:26,797: INFO: commons: yaml file: schema.yaml loaded successfully ]
[2024-11-04 14:53:26,798: INFO: commons: created directory at: artifacts ]
[2024-11-04 14:53:26,799: INFO: commons: created directory at: artifacts/data_transformation ]
[2024-11-04 14:53:26,808: INFO: data_transformation: Sucesfully splitted the data 
X_train dimensions:(1279, 11)
X_test dimensions:(320, 11)
y_train dimensions:(1279,)
y_test dimensions:(320,)    ]
[2024-11-04 14:53:26,839: INFO: data_transformation: Sucesfully Saved the splits to: artifacts/data_transformation ]
[2024-11-04 14:53:26,840: INFO: data_transformation_pipeline: >>>>>>>>>> Stage: Data Transformation Stage completed <<<<<<<<<< ]
[2024-11-04 16:25:30,876: INFO: commons: yaml file: config\config.yaml loaded successfully ]
[2024-11-04 16:25:30,887: INFO: commons: yaml file: params.yaml loaded successfully ]
[2024-11-04 16:25:30,891: INFO: commons: yaml file: schema.yaml loaded successfully ]
[2024-11-04 16:25:30,896: INFO: commons: created directory at: artifacts ]
[2024-11-04 16:25:30,900: INFO: commons: created directory at: artifacts/model_trainer ]
[2024-11-04 16:25:30,901: ERROR: 781725055: Error during model_training. Error "'ConfigBox' object has no attribute 'target_column'" ]
[2024-11-04 16:26:13,596: INFO: commons: yaml file: config\config.yaml loaded successfully ]
[2024-11-04 16:26:13,600: INFO: commons: yaml file: params.yaml loaded successfully ]
[2024-11-04 16:26:13,604: INFO: commons: yaml file: schema.yaml loaded successfully ]
[2024-11-04 16:26:13,606: INFO: commons: created directory at: artifacts ]
[2024-11-04 16:26:13,609: INFO: commons: created directory at: artifacts/model_trainer ]
[2024-11-04 16:26:13,655: ERROR: 781725055: Error during model_training. Error [Errno 2] No such file or directory: 'artifacts/data_transformation/y}_train.csv' ]
[2024-11-04 16:27:07,835: INFO: commons: yaml file: config\config.yaml loaded successfully ]
[2024-11-04 16:27:07,839: INFO: commons: yaml file: params.yaml loaded successfully ]
[2024-11-04 16:27:07,845: INFO: commons: yaml file: schema.yaml loaded successfully ]
[2024-11-04 16:27:07,848: INFO: commons: created directory at: artifacts ]
[2024-11-04 16:27:07,851: INFO: commons: created directory at: artifacts/model_trainer ]
[2024-11-04 16:27:07,882: INFO: 1581951645: Sucesfully trained the model ]
[2024-11-04 16:27:07,889: INFO: 1581951645: Sucesfully Saved the model to: artifacts/model_trainer ]
[2024-11-04 16:36:23,994: INFO: data_ingestion_pipeline: >>>>>>>>>> Stage: Data Ingestion Stage started <<<<<<<<<< ]
[2024-11-04 16:36:23,998: INFO: commons: yaml file: config\config.yaml loaded successfully ]
[2024-11-04 16:36:24,001: INFO: commons: yaml file: params.yaml loaded successfully ]
[2024-11-04 16:36:24,004: INFO: commons: yaml file: schema.yaml loaded successfully ]
[2024-11-04 16:36:24,006: INFO: commons: created directory at: artifacts ]
[2024-11-04 16:36:24,008: INFO: commons: created directory at: artifacts/data_ingestion ]
[2024-11-04 16:36:25,078: INFO: data_ingestion: artifacts/data_ingestion/data.zip download! With the following infl 
 Connection: close
Content-Length: 23329
Cache-Control: max-age=300
Content-Security-Policy: default-src 'none'; style-src 'unsafe-inline'; sandbox
Content-Type: application/zip
ETag: "c69888a4ae59bc5a893392785a938ccd4937981c06ba8a9d6a21aa52b4ab5b6e"
Strict-Transport-Security: max-age=31536000
X-Content-Type-Options: nosniff
X-Frame-Options: deny
X-XSS-Protection: 1; mode=block
X-GitHub-Request-Id: 25B6:28CF72:5533D8:646CCB:6728D7CD
Accept-Ranges: bytes
Date: Mon, 04 Nov 2024 19:36:24 GMT
Via: 1.1 varnish
X-Served-By: cache-gru-sbgr1930061-GRU
X-Cache: HIT
X-Cache-Hits: 0
X-Timer: S1730748984.050618,VS0,VE200
Vary: Authorization,Accept-Encoding,Origin
Access-Control-Allow-Origin: *
Cross-Origin-Resource-Policy: cross-origin
X-Fastly-Request-ID: d54490dfb6ec39da73d20b3c7b289e0e1136e380
Expires: Mon, 04 Nov 2024 19:41:24 GMT
Source-Age: 0

 ]
[2024-11-04 16:36:25,113: INFO: data_ingestion_pipeline: >>>>>>>>>> Stage: Data Ingestion Stage completed <<<<<<<<<< ]
[2024-11-04 16:36:25,114: INFO: data_validation_pipeline: >>>>>>>>>> Stage: Data Validation Stage started <<<<<<<<<< ]
[2024-11-04 16:36:25,118: INFO: commons: yaml file: config\config.yaml loaded successfully ]
[2024-11-04 16:36:25,121: INFO: commons: yaml file: params.yaml loaded successfully ]
[2024-11-04 16:36:25,124: INFO: commons: yaml file: schema.yaml loaded successfully ]
[2024-11-04 16:36:25,126: INFO: commons: created directory at: artifacts ]
[2024-11-04 16:36:25,127: INFO: commons: created directory at: artifacts/data_validation ]
[2024-11-04 16:36:25,164: INFO: data_validation_pipeline: >>>>>>>>>> Stage: Data Validation Stage completed <<<<<<<<<< ]
[2024-11-04 16:36:25,164: INFO: data_transformation_pipeline: >>>>>>>>>> Stage: Data Transformation Stage started <<<<<<<<<< ]
[2024-11-04 16:36:25,168: INFO: commons: yaml file: config\config.yaml loaded successfully ]
[2024-11-04 16:36:25,170: INFO: commons: yaml file: params.yaml loaded successfully ]
[2024-11-04 16:36:25,173: INFO: commons: yaml file: schema.yaml loaded successfully ]
[2024-11-04 16:36:25,174: INFO: commons: created directory at: artifacts ]
[2024-11-04 16:36:25,175: INFO: commons: created directory at: artifacts/data_transformation ]
[2024-11-04 16:36:25,196: INFO: data_transformation: Sucesfully splitted the data 
X_train dimensions:(1279, 11)
X_test dimensions:(320, 11)
y_train dimensions:(1279,)
y_test dimensions:(320,)    ]
[2024-11-04 16:36:25,226: INFO: data_transformation: Sucesfully Saved the splits to: artifacts/data_transformation ]
[2024-11-04 16:36:25,226: INFO: data_transformation_pipeline: >>>>>>>>>> Stage: Data Transformation Stage completed <<<<<<<<<< ]
[2024-11-04 16:36:48,409: INFO: data_ingestion_pipeline: >>>>>>>>>> Stage: Data Ingestion Stage started <<<<<<<<<< ]
[2024-11-04 16:36:48,415: INFO: commons: yaml file: config\config.yaml loaded successfully ]
[2024-11-04 16:36:48,417: INFO: commons: yaml file: params.yaml loaded successfully ]
[2024-11-04 16:36:48,420: INFO: commons: yaml file: schema.yaml loaded successfully ]
[2024-11-04 16:36:48,422: INFO: commons: created directory at: artifacts ]
[2024-11-04 16:36:48,423: INFO: commons: created directory at: artifacts/data_ingestion ]
[2024-11-04 16:36:48,619: INFO: data_ingestion: artifacts/data_ingestion/data.zip download! With the following infl 
 Connection: close
Content-Length: 23329
Cache-Control: max-age=300
Content-Security-Policy: default-src 'none'; style-src 'unsafe-inline'; sandbox
Content-Type: application/zip
ETag: "c69888a4ae59bc5a893392785a938ccd4937981c06ba8a9d6a21aa52b4ab5b6e"
Strict-Transport-Security: max-age=31536000
X-Content-Type-Options: nosniff
X-Frame-Options: deny
X-XSS-Protection: 1; mode=block
X-GitHub-Request-Id: 25B6:28CF72:5533D8:646CCB:6728D7CD
Accept-Ranges: bytes
Date: Mon, 04 Nov 2024 19:36:47 GMT
Via: 1.1 varnish
X-Served-By: cache-gru-sbgr1930065-GRU
X-Cache: HIT
X-Cache-Hits: 1
X-Timer: S1730749008.791026,VS0,VE1
Vary: Authorization,Accept-Encoding,Origin
Access-Control-Allow-Origin: *
Cross-Origin-Resource-Policy: cross-origin
X-Fastly-Request-ID: 257433c5b88f2200ddd191a188a8310c48aa7b26
Expires: Mon, 04 Nov 2024 19:41:47 GMT
Source-Age: 24

 ]
[2024-11-04 16:36:48,639: INFO: data_ingestion_pipeline: >>>>>>>>>> Stage: Data Ingestion Stage completed <<<<<<<<<< ]
[2024-11-04 16:36:48,640: INFO: data_validation_pipeline: >>>>>>>>>> Stage: Data Validation Stage started <<<<<<<<<< ]
[2024-11-04 16:36:48,645: INFO: commons: yaml file: config\config.yaml loaded successfully ]
[2024-11-04 16:36:48,647: INFO: commons: yaml file: params.yaml loaded successfully ]
[2024-11-04 16:36:48,650: INFO: commons: yaml file: schema.yaml loaded successfully ]
[2024-11-04 16:36:48,652: INFO: commons: created directory at: artifacts ]
[2024-11-04 16:36:48,653: INFO: commons: created directory at: artifacts/data_validation ]
[2024-11-04 16:36:48,678: INFO: data_validation_pipeline: >>>>>>>>>> Stage: Data Validation Stage completed <<<<<<<<<< ]
[2024-11-04 16:36:48,679: INFO: data_transformation_pipeline: >>>>>>>>>> Stage: Data Transformation Stage started <<<<<<<<<< ]
[2024-11-04 16:36:48,683: INFO: commons: yaml file: config\config.yaml loaded successfully ]
[2024-11-04 16:36:48,685: INFO: commons: yaml file: params.yaml loaded successfully ]
[2024-11-04 16:36:48,688: INFO: commons: yaml file: schema.yaml loaded successfully ]
[2024-11-04 16:36:48,689: INFO: commons: created directory at: artifacts ]
[2024-11-04 16:36:48,691: INFO: commons: created directory at: artifacts/data_transformation ]
[2024-11-04 16:36:48,699: INFO: data_transformation: Sucesfully splitted the data 
X_train dimensions:(1279, 11)
X_test dimensions:(320, 11)
y_train dimensions:(1279,)
y_test dimensions:(320,)    ]
[2024-11-04 16:36:48,731: INFO: data_transformation: Sucesfully Saved the splits to: artifacts/data_transformation ]
[2024-11-04 16:36:48,732: INFO: data_transformation_pipeline: >>>>>>>>>> Stage: Data Transformation Stage completed <<<<<<<<<< ]
[2024-11-04 16:36:48,733: INFO: model_trainer_pipeline: >>>>>>>>>> Stage: Model Training Stage started <<<<<<<<<< ]
[2024-11-04 16:36:48,737: INFO: commons: yaml file: config\config.yaml loaded successfully ]
[2024-11-04 16:36:48,739: INFO: commons: yaml file: params.yaml loaded successfully ]
[2024-11-04 16:36:48,742: INFO: commons: yaml file: schema.yaml loaded successfully ]
[2024-11-04 16:36:48,743: INFO: commons: created directory at: artifacts ]
[2024-11-04 16:36:48,744: INFO: commons: created directory at: artifacts/model_trainer ]
[2024-11-04 16:36:48,771: INFO: model_trainer: Sucesfully trained the model ]
[2024-11-04 16:36:48,774: INFO: model_trainer: Sucesfully Saved the model to: artifacts/model_trainer ]
[2024-11-04 16:36:48,775: INFO: model_trainer_pipeline: >>>>>>>>>> Stage: Model Training Stage completed <<<<<<<<<< ]
